<?xml version="1.0" encoding="UTF-8"?>
<!-- Generated by org.testng.reporters.JUnitReportReporter -->
<testsuite skipped="0" hostname="P2B-69WFNK2" name="com.accenture.tests.LoginTest" tests="1" failures="0" timestamp="09 Sep 2018 05:57:18 GMT" time="7.678" errors="0">
  <testcase name="testLogin" time="7.678" classname="com.accenture.tests.LoginTest"/>
</testsuite> <!-- com.accenture.tests.LoginTest -->
